<?xml version="1.0" encoding="UTF-8"?>
<!-- Generated by org.testng.reporters.JUnitXMLReporter -->
<testsuite ignored="1" hostname="DESKTOP-HO3NPSQ" failures="2" tests="13" name="TestA" time="0.23" errors="0" timestamp="2021-04-08T11:12:50 IST">
  <testcase classname="seleniumtestng.TestNGAnnot" name="testLoginPass" time="0.009"/>
  <testcase classname="seleniumtestng.TestNGAnnot" name="testLoginPriority0" time="0.003"/>
  <testcase classname="seleniumtestng.TestNGAnnot" name="testLoginRefersh" time="0.002"/>
  <testcase classname="seleniumtestng.TestNGAnnot" name="testLoginRefersh" time="0.01"/>
  <testcase classname="seleniumtestng.TestNGAnnot" name="testLoginRefersh" time="0.005"/>
  <testcase classname="seleniumtestng.TestNGAnnot" name="testLoginRefersh" time="0.009"/>
  <testcase classname="seleniumtestng.TestNGAnnot" name="testLoginRefersh" time="0.005"/>
  <testcase classname="seleniumtestng.TestNGAnnot" name="testSuccessLogin" time="0.004">
    <failure type="java.lang.AssertionError">
      <![CDATA[java.lang.AssertionError: 
at seleniumtestng.TestNGAnnot.testSuccessLogin(TestNGAnnot.java:44)
at java.base/java.util.ArrayList.forEach(ArrayList.java:1511)
... Removed 32 stack frames]]>
    </failure>
  </testcase> <!-- testSuccessLogin -->
  <testcase classname="seleniumtestng.TestNGAnnot" name="testHomePage" time="0.0">
    <skipped/>
  </testcase> <!-- testHomePage -->
  <testcase classname="seleniumtestng.TestNGAnnot" name="testLoginPriority1" time="0.002">
    <failure type="java.lang.AssertionError">
      <![CDATA[java.lang.AssertionError: 
at seleniumtestng.TestNGAnnot.testLoginPriority1(TestNGAnnot.java:33)
at java.base/java.util.ArrayList.forEach(ArrayList.java:1511)
... Removed 32 stack frames]]>
    </failure>
  </testcase> <!-- testLoginPriority1 -->
  <testcase classname="seleniumtestng.TestNGAnnot" name="testLoginPriority2" time="0.0">
    <skipped/>
  </testcase> <!-- testLoginPriority2 -->
  <testcase classname="seleniumtestng.TestNGAnnotations" name="firstTest" time="0.005"/>
  <testcase classname="seleniumtestng.TestNGAnnotations" name="secondTest" time="0.005"/>
  <testcase classname="seleniumtestng.TestNGAnnot" name="testLoginFail" time="0.0">
    <ignored/>
  </testcase> <!-- testLoginFail -->
</testsuite> <!-- TestA -->
